17-Jan-2018 17:47:13.185 信息 [main] org.apache.catalina.startup.VersionLoggerListener.log Server version:        Apache Tomcat/8.5.15
17-Jan-2018 17:47:13.188 信息 [main] org.apache.catalina.startup.VersionLoggerListener.log Server built:          May 5 2017 11:03:04 UTC
17-Jan-2018 17:47:13.188 信息 [main] org.apache.catalina.startup.VersionLoggerListener.log Server number:         8.5.15.0
17-Jan-2018 17:47:13.188 信息 [main] org.apache.catalina.startup.VersionLoggerListener.log OS Name:               Mac OS X
17-Jan-2018 17:47:13.188 信息 [main] org.apache.catalina.startup.VersionLoggerListener.log OS Version:            10.12.6
17-Jan-2018 17:47:13.188 信息 [main] org.apache.catalina.startup.VersionLoggerListener.log Architecture:          x86_64
17-Jan-2018 17:47:13.188 信息 [main] org.apache.catalina.startup.VersionLoggerListener.log Java Home:             /Library/Java/JavaVirtualMachines/jdk1.8.0_112.jdk/Contents/Home/jre
17-Jan-2018 17:47:13.188 信息 [main] org.apache.catalina.startup.VersionLoggerListener.log JVM Version:           1.8.0_112-b16
17-Jan-2018 17:47:13.188 信息 [main] org.apache.catalina.startup.VersionLoggerListener.log JVM Vendor:            Oracle Corporation
17-Jan-2018 17:47:13.188 信息 [main] org.apache.catalina.startup.VersionLoggerListener.log CATALINA_BASE:         /Users/sungang/Documents/work/webserver/tomcat2/instances/8100
17-Jan-2018 17:47:13.189 信息 [main] org.apache.catalina.startup.VersionLoggerListener.log CATALINA_HOME:         /Users/sungang/Documents/work/webserver/tomcat2/tomcat-8.5.15
17-Jan-2018 17:47:13.189 信息 [main] org.apache.catalina.startup.VersionLoggerListener.log Command line argument: -Djava.util.logging.config.file=/Users/sungang/Documents/work/webserver/tomcat2/instances/8100/conf/logging.properties
17-Jan-2018 17:47:13.189 信息 [main] org.apache.catalina.startup.VersionLoggerListener.log Command line argument: -Djava.util.logging.manager=org.apache.juli.ClassLoaderLogManager
17-Jan-2018 17:47:13.189 信息 [main] org.apache.catalina.startup.VersionLoggerListener.log Command line argument: -Djdk.tls.ephemeralDHKeySize=2048
17-Jan-2018 17:47:13.189 信息 [main] org.apache.catalina.startup.VersionLoggerListener.log Command line argument: -Djava.protocol.handler.pkgs=org.apache.catalina.webresources
17-Jan-2018 17:47:13.189 信息 [main] org.apache.catalina.startup.VersionLoggerListener.log Command line argument: -Dcatalina.base=/Users/sungang/Documents/work/webserver/tomcat2/instances/8100
17-Jan-2018 17:47:13.189 信息 [main] org.apache.catalina.startup.VersionLoggerListener.log Command line argument: -Dcatalina.home=/Users/sungang/Documents/work/webserver/tomcat2/tomcat-8.5.15
17-Jan-2018 17:47:13.189 信息 [main] org.apache.catalina.startup.VersionLoggerListener.log Command line argument: -Djava.io.tmpdir=/Users/sungang/Documents/work/webserver/tomcat2/instances/8100/temp
17-Jan-2018 17:47:13.190 信息 [main] org.apache.catalina.core.AprLifecycleListener.lifecycleEvent The APR based Apache Tomcat Native library which allows optimal performance in production environments was not found on the java.library.path: [/Users/sungang/Library/Java/Extensions:/Library/Java/Extensions:/Network/Library/Java/Extensions:/System/Library/Java/Extensions:/usr/lib/java:.]
17-Jan-2018 17:47:13.285 信息 [main] org.apache.coyote.AbstractProtocol.init Initializing ProtocolHandler ["http-nio-8100"]
17-Jan-2018 17:47:13.303 严重 [main] org.apache.coyote.AbstractProtocol.init Failed to initialize end point associated with ProtocolHandler ["http-nio-8100"]
 java.net.BindException: Address already in use
	at sun.nio.ch.Net.bind0(Native Method)
	at sun.nio.ch.Net.bind(Net.java:433)
	at sun.nio.ch.Net.bind(Net.java:425)
	at sun.nio.ch.ServerSocketChannelImpl.bind(ServerSocketChannelImpl.java:223)
	at sun.nio.ch.ServerSocketAdaptor.bind(ServerSocketAdaptor.java:74)
	at org.apache.tomcat.util.net.NioEndpoint.bind(NioEndpoint.java:210)
	at org.apache.tomcat.util.net.AbstractEndpoint.init(AbstractEndpoint.java:970)
	at org.apache.tomcat.util.net.AbstractJsseEndpoint.init(AbstractJsseEndpoint.java:244)
	at org.apache.coyote.AbstractProtocol.init(AbstractProtocol.java:613)
	at org.apache.coyote.http11.AbstractHttp11Protocol.init(AbstractHttp11Protocol.java:66)
	at org.apache.catalina.connector.Connector.initInternal(Connector.java:997)
	at org.apache.catalina.util.LifecycleBase.init(LifecycleBase.java:107)
	at org.apache.catalina.core.StandardService.initInternal(StandardService.java:549)
	at org.apache.catalina.util.LifecycleBase.init(LifecycleBase.java:107)
	at org.apache.catalina.core.StandardServer.initInternal(StandardServer.java:875)
	at org.apache.catalina.util.LifecycleBase.init(LifecycleBase.java:107)
	at org.apache.catalina.startup.Catalina.load(Catalina.java:607)
	at org.apache.catalina.startup.Catalina.load(Catalina.java:630)
	at sun.reflect.NativeMethodAccessorImpl.invoke0(Native Method)
	at sun.reflect.NativeMethodAccessorImpl.invoke(NativeMethodAccessorImpl.java:62)
	at sun.reflect.DelegatingMethodAccessorImpl.invoke(DelegatingMethodAccessorImpl.java:43)
	at java.lang.reflect.Method.invoke(Method.java:498)
	at org.apache.catalina.startup.Bootstrap.load(Bootstrap.java:311)
	at org.apache.catalina.startup.Bootstrap.main(Bootstrap.java:494)

17-Jan-2018 17:47:13.304 严重 [main] org.apache.catalina.core.StandardService.initInternal Failed to initialize connector [Connector[HTTP/1.1-8100]]
 org.apache.catalina.LifecycleException: Failed to initialize component [Connector[HTTP/1.1-8100]]
	at org.apache.catalina.util.LifecycleBase.init(LifecycleBase.java:112)
	at org.apache.catalina.core.StandardService.initInternal(StandardService.java:549)
	at org.apache.catalina.util.LifecycleBase.init(LifecycleBase.java:107)
	at org.apache.catalina.core.StandardServer.initInternal(StandardServer.java:875)
	at org.apache.catalina.util.LifecycleBase.init(LifecycleBase.java:107)
	at org.apache.catalina.startup.Catalina.load(Catalina.java:607)
	at org.apache.catalina.startup.Catalina.load(Catalina.java:630)
	at sun.reflect.NativeMethodAccessorImpl.invoke0(Native Method)
	at sun.reflect.NativeMethodAccessorImpl.invoke(NativeMethodAccessorImpl.java:62)
	at sun.reflect.DelegatingMethodAccessorImpl.invoke(DelegatingMethodAccessorImpl.java:43)
	at java.lang.reflect.Method.invoke(Method.java:498)
	at org.apache.catalina.startup.Bootstrap.load(Bootstrap.java:311)
	at org.apache.catalina.startup.Bootstrap.main(Bootstrap.java:494)
Caused by: org.apache.catalina.LifecycleException: Protocol handler initialization failed
	at org.apache.catalina.connector.Connector.initInternal(Connector.java:999)
	at org.apache.catalina.util.LifecycleBase.init(LifecycleBase.java:107)
	... 12 more
Caused by: java.net.BindException: Address already in use
	at sun.nio.ch.Net.bind0(Native Method)
	at sun.nio.ch.Net.bind(Net.java:433)
	at sun.nio.ch.Net.bind(Net.java:425)
	at sun.nio.ch.ServerSocketChannelImpl.bind(ServerSocketChannelImpl.java:223)
	at sun.nio.ch.ServerSocketAdaptor.bind(ServerSocketAdaptor.java:74)
	at org.apache.tomcat.util.net.NioEndpoint.bind(NioEndpoint.java:210)
	at org.apache.tomcat.util.net.AbstractEndpoint.init(AbstractEndpoint.java:970)
	at org.apache.tomcat.util.net.AbstractJsseEndpoint.init(AbstractJsseEndpoint.java:244)
	at org.apache.coyote.AbstractProtocol.init(AbstractProtocol.java:613)
	at org.apache.coyote.http11.AbstractHttp11Protocol.init(AbstractHttp11Protocol.java:66)
	at org.apache.catalina.connector.Connector.initInternal(Connector.java:997)
	... 13 more

17-Jan-2018 17:47:13.305 信息 [main] org.apache.coyote.AbstractProtocol.init Initializing ProtocolHandler ["ajp-nio-8103"]
17-Jan-2018 17:47:13.306 严重 [main] org.apache.coyote.AbstractProtocol.init Failed to initialize end point associated with ProtocolHandler ["ajp-nio-8103"]
 java.net.BindException: Address already in use
	at sun.nio.ch.Net.bind0(Native Method)
	at sun.nio.ch.Net.bind(Net.java:433)
	at sun.nio.ch.Net.bind(Net.java:425)
	at sun.nio.ch.ServerSocketChannelImpl.bind(ServerSocketChannelImpl.java:223)
	at sun.nio.ch.ServerSocketAdaptor.bind(ServerSocketAdaptor.java:74)
	at org.apache.tomcat.util.net.NioEndpoint.bind(NioEndpoint.java:210)
	at org.apache.tomcat.util.net.AbstractEndpoint.init(AbstractEndpoint.java:970)
	at org.apache.tomcat.util.net.AbstractJsseEndpoint.init(AbstractJsseEndpoint.java:244)
	at org.apache.coyote.AbstractProtocol.init(AbstractProtocol.java:613)
	at org.apache.catalina.connector.Connector.initInternal(Connector.java:997)
	at org.apache.catalina.util.LifecycleBase.init(LifecycleBase.java:107)
	at org.apache.catalina.core.StandardService.initInternal(StandardService.java:549)
	at org.apache.catalina.util.LifecycleBase.init(LifecycleBase.java:107)
	at org.apache.catalina.core.StandardServer.initInternal(StandardServer.java:875)
	at org.apache.catalina.util.LifecycleBase.init(LifecycleBase.java:107)
	at org.apache.catalina.startup.Catalina.load(Catalina.java:607)
	at org.apache.catalina.startup.Catalina.load(Catalina.java:630)
	at sun.reflect.NativeMethodAccessorImpl.invoke0(Native Method)
	at sun.reflect.NativeMethodAccessorImpl.invoke(NativeMethodAccessorImpl.java:62)
	at sun.reflect.DelegatingMethodAccessorImpl.invoke(DelegatingMethodAccessorImpl.java:43)
	at java.lang.reflect.Method.invoke(Method.java:498)
	at org.apache.catalina.startup.Bootstrap.load(Bootstrap.java:311)
	at org.apache.catalina.startup.Bootstrap.main(Bootstrap.java:494)

17-Jan-2018 17:47:13.308 严重 [main] org.apache.catalina.core.StandardService.initInternal Failed to initialize connector [Connector[AJP/1.3-8103]]
 org.apache.catalina.LifecycleException: Failed to initialize component [Connector[AJP/1.3-8103]]
	at org.apache.catalina.util.LifecycleBase.init(LifecycleBase.java:112)
	at org.apache.catalina.core.StandardService.initInternal(StandardService.java:549)
	at org.apache.catalina.util.LifecycleBase.init(LifecycleBase.java:107)
	at org.apache.catalina.core.StandardServer.initInternal(StandardServer.java:875)
	at org.apache.catalina.util.LifecycleBase.init(LifecycleBase.java:107)
	at org.apache.catalina.startup.Catalina.load(Catalina.java:607)
	at org.apache.catalina.startup.Catalina.load(Catalina.java:630)
	at sun.reflect.NativeMethodAccessorImpl.invoke0(Native Method)
	at sun.reflect.NativeMethodAccessorImpl.invoke(NativeMethodAccessorImpl.java:62)
	at sun.reflect.DelegatingMethodAccessorImpl.invoke(DelegatingMethodAccessorImpl.java:43)
	at java.lang.reflect.Method.invoke(Method.java:498)
	at org.apache.catalina.startup.Bootstrap.load(Bootstrap.java:311)
	at org.apache.catalina.startup.Bootstrap.main(Bootstrap.java:494)
Caused by: org.apache.catalina.LifecycleException: Protocol handler initialization failed
	at org.apache.catalina.connector.Connector.initInternal(Connector.java:999)
	at org.apache.catalina.util.LifecycleBase.init(LifecycleBase.java:107)
	... 12 more
Caused by: java.net.BindException: Address already in use
	at sun.nio.ch.Net.bind0(Native Method)
	at sun.nio.ch.Net.bind(Net.java:433)
	at sun.nio.ch.Net.bind(Net.java:425)
	at sun.nio.ch.ServerSocketChannelImpl.bind(ServerSocketChannelImpl.java:223)
	at sun.nio.ch.ServerSocketAdaptor.bind(ServerSocketAdaptor.java:74)
	at org.apache.tomcat.util.net.NioEndpoint.bind(NioEndpoint.java:210)
	at org.apache.tomcat.util.net.AbstractEndpoint.init(AbstractEndpoint.java:970)
	at org.apache.tomcat.util.net.AbstractJsseEndpoint.init(AbstractJsseEndpoint.java:244)
	at org.apache.coyote.AbstractProtocol.init(AbstractProtocol.java:613)
	at org.apache.catalina.connector.Connector.initInternal(Connector.java:997)
	... 13 more

17-Jan-2018 17:47:13.308 信息 [main] org.apache.catalina.startup.Catalina.load Initialization processed in 428 ms
17-Jan-2018 17:47:13.330 信息 [main] org.apache.catalina.core.StandardService.startInternal Starting service [Catalina]
17-Jan-2018 17:47:13.330 信息 [main] org.apache.catalina.core.StandardEngine.startInternal Starting Servlet Engine: Apache Tomcat/8.5.15
17-Jan-2018 17:47:13.337 信息 [localhost-startStop-1] org.apache.catalina.startup.HostConfig.deployDirectory Deploying web application directory [/Users/sungang/Documents/work/webserver/tomcat2/instances/8100/webapps/docs]
17-Jan-2018 17:47:13.599 信息 [localhost-startStop-1] org.apache.catalina.startup.HostConfig.deployDirectory Deployment of web application directory [/Users/sungang/Documents/work/webserver/tomcat2/instances/8100/webapps/docs] has finished in [261] ms
17-Jan-2018 17:47:13.599 信息 [localhost-startStop-1] org.apache.catalina.startup.HostConfig.deployDirectory Deploying web application directory [/Users/sungang/Documents/work/webserver/tomcat2/instances/8100/webapps/examples]
17-Jan-2018 17:47:13.798 信息 [localhost-startStop-1] org.apache.catalina.startup.HostConfig.deployDirectory Deployment of web application directory [/Users/sungang/Documents/work/webserver/tomcat2/instances/8100/webapps/examples] has finished in [199] ms
17-Jan-2018 17:47:13.798 信息 [localhost-startStop-1] org.apache.catalina.startup.HostConfig.deployDirectory Deploying web application directory [/Users/sungang/Documents/work/webserver/tomcat2/instances/8100/webapps/host-manager]
17-Jan-2018 17:47:13.814 信息 [localhost-startStop-1] org.apache.catalina.startup.HostConfig.deployDirectory Deployment of web application directory [/Users/sungang/Documents/work/webserver/tomcat2/instances/8100/webapps/host-manager] has finished in [16] ms
17-Jan-2018 17:47:13.814 信息 [localhost-startStop-1] org.apache.catalina.startup.HostConfig.deployDirectory Deploying web application directory [/Users/sungang/Documents/work/webserver/tomcat2/instances/8100/webapps/manager]
17-Jan-2018 17:47:13.826 信息 [localhost-startStop-1] org.apache.catalina.startup.HostConfig.deployDirectory Deployment of web application directory [/Users/sungang/Documents/work/webserver/tomcat2/instances/8100/webapps/manager] has finished in [12] ms
17-Jan-2018 17:47:13.827 信息 [localhost-startStop-1] org.apache.catalina.startup.HostConfig.deployDirectory Deploying web application directory [/Users/sungang/Documents/work/webserver/tomcat2/instances/8100/webapps/ROOT]
17-Jan-2018 17:47:13.835 信息 [localhost-startStop-1] org.apache.catalina.startup.HostConfig.deployDirectory Deployment of web application directory [/Users/sungang/Documents/work/webserver/tomcat2/instances/8100/webapps/ROOT] has finished in [9] ms
17-Jan-2018 17:47:13.837 信息 [main] org.apache.catalina.startup.Catalina.start Server startup in 528 ms
17-Jan-2018 17:47:13.841 严重 [main] org.apache.catalina.core.StandardServer.await StandardServer.await: create[localhost:8101]: 
 java.net.BindException: Address already in use (Bind failed)
	at java.net.PlainSocketImpl.socketBind(Native Method)
	at java.net.AbstractPlainSocketImpl.bind(AbstractPlainSocketImpl.java:387)
	at java.net.ServerSocket.bind(ServerSocket.java:375)
	at java.net.ServerSocket.<init>(ServerSocket.java:237)
	at org.apache.catalina.core.StandardServer.await(StandardServer.java:440)
	at org.apache.catalina.startup.Catalina.await(Catalina.java:744)
	at org.apache.catalina.startup.Catalina.start(Catalina.java:690)
	at sun.reflect.NativeMethodAccessorImpl.invoke0(Native Method)
	at sun.reflect.NativeMethodAccessorImpl.invoke(NativeMethodAccessorImpl.java:62)
	at sun.reflect.DelegatingMethodAccessorImpl.invoke(DelegatingMethodAccessorImpl.java:43)
	at java.lang.reflect.Method.invoke(Method.java:498)
	at org.apache.catalina.startup.Bootstrap.start(Bootstrap.java:355)
	at org.apache.catalina.startup.Bootstrap.main(Bootstrap.java:495)

17-Jan-2018 17:47:13.841 信息 [main] org.apache.coyote.AbstractProtocol.pause Pausing ProtocolHandler ["http-nio-8100"]
17-Jan-2018 17:47:13.841 信息 [main] org.apache.coyote.AbstractProtocol.pause Pausing ProtocolHandler ["ajp-nio-8103"]
17-Jan-2018 17:47:13.841 信息 [main] org.apache.catalina.core.StandardService.stopInternal Stopping service [Catalina]
17-Jan-2018 17:47:13.854 信息 [main] org.apache.coyote.AbstractProtocol.stop Stopping ProtocolHandler ["http-nio-8100"]
17-Jan-2018 17:47:13.854 信息 [main] org.apache.coyote.AbstractProtocol.destroy Destroying ProtocolHandler ["http-nio-8100"]
17-Jan-2018 17:47:13.854 信息 [main] org.apache.coyote.AbstractProtocol.stop Stopping ProtocolHandler ["ajp-nio-8103"]
17-Jan-2018 17:47:13.854 信息 [main] org.apache.coyote.AbstractProtocol.destroy Destroying ProtocolHandler ["ajp-nio-8103"]
17-Jan-2018 17:50:18.855 信息 [main] org.apache.catalina.startup.VersionLoggerListener.log Server version:        Apache Tomcat/8.5.15
17-Jan-2018 17:50:18.857 信息 [main] org.apache.catalina.startup.VersionLoggerListener.log Server built:          May 5 2017 11:03:04 UTC
17-Jan-2018 17:50:18.858 信息 [main] org.apache.catalina.startup.VersionLoggerListener.log Server number:         8.5.15.0
17-Jan-2018 17:50:18.858 信息 [main] org.apache.catalina.startup.VersionLoggerListener.log OS Name:               Mac OS X
17-Jan-2018 17:50:18.858 信息 [main] org.apache.catalina.startup.VersionLoggerListener.log OS Version:            10.12.6
17-Jan-2018 17:50:18.858 信息 [main] org.apache.catalina.startup.VersionLoggerListener.log Architecture:          x86_64
17-Jan-2018 17:50:18.858 信息 [main] org.apache.catalina.startup.VersionLoggerListener.log Java Home:             /Library/Java/JavaVirtualMachines/jdk1.8.0_112.jdk/Contents/Home/jre
17-Jan-2018 17:50:18.858 信息 [main] org.apache.catalina.startup.VersionLoggerListener.log JVM Version:           1.8.0_112-b16
17-Jan-2018 17:50:18.858 信息 [main] org.apache.catalina.startup.VersionLoggerListener.log JVM Vendor:            Oracle Corporation
17-Jan-2018 17:50:18.858 信息 [main] org.apache.catalina.startup.VersionLoggerListener.log CATALINA_BASE:         /Users/sungang/Documents/work/webserver/tomcat2/instances/8100
17-Jan-2018 17:50:18.859 信息 [main] org.apache.catalina.startup.VersionLoggerListener.log CATALINA_HOME:         /Users/sungang/Documents/work/webserver/tomcat2/tomcat-8.5.15
17-Jan-2018 17:50:18.859 信息 [main] org.apache.catalina.startup.VersionLoggerListener.log Command line argument: -Djava.util.logging.config.file=/Users/sungang/Documents/work/webserver/tomcat2/instances/8100/conf/logging.properties
17-Jan-2018 17:50:18.859 信息 [main] org.apache.catalina.startup.VersionLoggerListener.log Command line argument: -Djava.util.logging.manager=org.apache.juli.ClassLoaderLogManager
17-Jan-2018 17:50:18.859 信息 [main] org.apache.catalina.startup.VersionLoggerListener.log Command line argument: -Djdk.tls.ephemeralDHKeySize=2048
17-Jan-2018 17:50:18.859 信息 [main] org.apache.catalina.startup.VersionLoggerListener.log Command line argument: -Djava.protocol.handler.pkgs=org.apache.catalina.webresources
17-Jan-2018 17:50:18.860 信息 [main] org.apache.catalina.startup.VersionLoggerListener.log Command line argument: -Dcatalina.base=/Users/sungang/Documents/work/webserver/tomcat2/instances/8100
17-Jan-2018 17:50:18.860 信息 [main] org.apache.catalina.startup.VersionLoggerListener.log Command line argument: -Dcatalina.home=/Users/sungang/Documents/work/webserver/tomcat2/tomcat-8.5.15
17-Jan-2018 17:50:18.860 信息 [main] org.apache.catalina.startup.VersionLoggerListener.log Command line argument: -Djava.io.tmpdir=/Users/sungang/Documents/work/webserver/tomcat2/instances/8100/temp
17-Jan-2018 17:50:18.860 信息 [main] org.apache.catalina.core.AprLifecycleListener.lifecycleEvent The APR based Apache Tomcat Native library which allows optimal performance in production environments was not found on the java.library.path: [/Users/sungang/Library/Java/Extensions:/Library/Java/Extensions:/Network/Library/Java/Extensions:/System/Library/Java/Extensions:/usr/lib/java:.]
17-Jan-2018 17:50:18.956 信息 [main] org.apache.coyote.AbstractProtocol.init Initializing ProtocolHandler ["http-nio-8100"]
17-Jan-2018 17:50:18.978 信息 [main] org.apache.tomcat.util.net.NioSelectorPool.getSharedSelector Using a shared selector for servlet write/read
17-Jan-2018 17:50:18.986 信息 [main] org.apache.coyote.AbstractProtocol.init Initializing ProtocolHandler ["ajp-nio-8103"]
17-Jan-2018 17:50:18.987 信息 [main] org.apache.tomcat.util.net.NioSelectorPool.getSharedSelector Using a shared selector for servlet write/read
17-Jan-2018 17:50:18.988 信息 [main] org.apache.catalina.startup.Catalina.load Initialization processed in 415 ms
17-Jan-2018 17:50:19.010 信息 [main] org.apache.catalina.core.StandardService.startInternal Starting service [Catalina]
17-Jan-2018 17:50:19.010 信息 [main] org.apache.catalina.core.StandardEngine.startInternal Starting Servlet Engine: Apache Tomcat/8.5.15
17-Jan-2018 17:50:19.016 信息 [localhost-startStop-1] org.apache.catalina.startup.HostConfig.deployDirectory Deploying web application directory [/Users/sungang/Documents/work/webserver/tomcat2/instances/8100/webapps/docs]
17-Jan-2018 17:50:19.236 信息 [localhost-startStop-1] org.apache.catalina.startup.HostConfig.deployDirectory Deployment of web application directory [/Users/sungang/Documents/work/webserver/tomcat2/instances/8100/webapps/docs] has finished in [220] ms
17-Jan-2018 17:50:19.236 信息 [localhost-startStop-1] org.apache.catalina.startup.HostConfig.deployDirectory Deploying web application directory [/Users/sungang/Documents/work/webserver/tomcat2/instances/8100/webapps/examples]
17-Jan-2018 17:50:19.422 信息 [localhost-startStop-1] org.apache.catalina.startup.HostConfig.deployDirectory Deployment of web application directory [/Users/sungang/Documents/work/webserver/tomcat2/instances/8100/webapps/examples] has finished in [186] ms
17-Jan-2018 17:50:19.423 信息 [localhost-startStop-1] org.apache.catalina.startup.HostConfig.deployDirectory Deploying web application directory [/Users/sungang/Documents/work/webserver/tomcat2/instances/8100/webapps/host-manager]
17-Jan-2018 17:50:19.438 信息 [localhost-startStop-1] org.apache.catalina.startup.HostConfig.deployDirectory Deployment of web application directory [/Users/sungang/Documents/work/webserver/tomcat2/instances/8100/webapps/host-manager] has finished in [15] ms
17-Jan-2018 17:50:19.438 信息 [localhost-startStop-1] org.apache.catalina.startup.HostConfig.deployDirectory Deploying web application directory [/Users/sungang/Documents/work/webserver/tomcat2/instances/8100/webapps/manager]
17-Jan-2018 17:50:19.450 信息 [localhost-startStop-1] org.apache.catalina.startup.HostConfig.deployDirectory Deployment of web application directory [/Users/sungang/Documents/work/webserver/tomcat2/instances/8100/webapps/manager] has finished in [12] ms
17-Jan-2018 17:50:19.450 信息 [localhost-startStop-1] org.apache.catalina.startup.HostConfig.deployDirectory Deploying web application directory [/Users/sungang/Documents/work/webserver/tomcat2/instances/8100/webapps/ROOT]
17-Jan-2018 17:50:19.459 信息 [localhost-startStop-1] org.apache.catalina.startup.HostConfig.deployDirectory Deployment of web application directory [/Users/sungang/Documents/work/webserver/tomcat2/instances/8100/webapps/ROOT] has finished in [9] ms
17-Jan-2018 17:50:19.461 信息 [main] org.apache.coyote.AbstractProtocol.start Starting ProtocolHandler ["http-nio-8100"]
17-Jan-2018 17:50:19.472 信息 [main] org.apache.coyote.AbstractProtocol.start Starting ProtocolHandler ["ajp-nio-8103"]
17-Jan-2018 17:50:19.473 信息 [main] org.apache.catalina.startup.Catalina.start Server startup in 484 ms
17-Jan-2018 17:51:53.007 信息 [main] org.apache.catalina.core.StandardServer.await A valid shutdown command was received via the shutdown port. Stopping the Server instance.
17-Jan-2018 17:51:53.008 信息 [main] org.apache.coyote.AbstractProtocol.pause Pausing ProtocolHandler ["http-nio-8100"]
17-Jan-2018 17:51:53.156 信息 [main] org.apache.coyote.AbstractProtocol.pause Pausing ProtocolHandler ["ajp-nio-8103"]
17-Jan-2018 17:51:53.300 信息 [main] org.apache.catalina.core.StandardService.stopInternal Stopping service [Catalina]
17-Jan-2018 17:51:53.318 信息 [main] org.apache.coyote.AbstractProtocol.stop Stopping ProtocolHandler ["http-nio-8100"]
17-Jan-2018 17:51:53.464 信息 [main] org.apache.coyote.AbstractProtocol.stop Stopping ProtocolHandler ["ajp-nio-8103"]
17-Jan-2018 17:51:53.608 信息 [main] org.apache.coyote.AbstractProtocol.destroy Destroying ProtocolHandler ["http-nio-8100"]
17-Jan-2018 17:51:53.610 严重 [main] org.apache.coyote.AbstractProtocol.destroy Failed to destroy end point associated with ProtocolHandler ["http-nio-8100"]
 java.io.IOException: Thread signal failed
	at sun.nio.ch.NativeThread.signal(Native Method)
	at sun.nio.ch.ServerSocketChannelImpl.implCloseSelectableChannel(ServerSocketChannelImpl.java:292)
	at java.nio.channels.spi.AbstractSelectableChannel.implCloseChannel(AbstractSelectableChannel.java:234)
	at java.nio.channels.spi.AbstractInterruptibleChannel.close(AbstractInterruptibleChannel.java:115)
	at sun.nio.ch.ServerSocketAdaptor.close(ServerSocketAdaptor.java:137)
	at org.apache.tomcat.util.net.NioEndpoint.unbind(NioEndpoint.java:311)
	at org.apache.tomcat.util.net.AbstractEndpoint.destroy(AbstractEndpoint.java:1038)
	at org.apache.coyote.AbstractProtocol.destroy(AbstractProtocol.java:704)
	at org.apache.catalina.connector.Connector.destroyInternal(Connector.java:1059)
	at org.apache.catalina.util.LifecycleBase.destroy(LifecycleBase.java:297)
	at org.apache.catalina.core.StandardService.destroyInternal(StandardService.java:571)
	at org.apache.catalina.util.LifecycleBase.destroy(LifecycleBase.java:297)
	at org.apache.catalina.core.StandardServer.destroyInternal(StandardServer.java:883)
	at org.apache.catalina.util.LifecycleBase.destroy(LifecycleBase.java:297)
	at org.apache.catalina.startup.Catalina.stop(Catalina.java:730)
	at org.apache.catalina.startup.Catalina.start(Catalina.java:691)
	at sun.reflect.NativeMethodAccessorImpl.invoke0(Native Method)
	at sun.reflect.NativeMethodAccessorImpl.invoke(NativeMethodAccessorImpl.java:62)
	at sun.reflect.DelegatingMethodAccessorImpl.invoke(DelegatingMethodAccessorImpl.java:43)
	at java.lang.reflect.Method.invoke(Method.java:498)
	at org.apache.catalina.startup.Bootstrap.start(Bootstrap.java:355)
	at org.apache.catalina.startup.Bootstrap.main(Bootstrap.java:495)

17-Jan-2018 17:51:53.611 信息 [main] org.apache.coyote.AbstractProtocol.destroy Destroying ProtocolHandler ["ajp-nio-8103"]
