17-Jan-2018 17:51:20.053 信息 [main] org.apache.catalina.startup.VersionLoggerListener.log Server version:        Apache Tomcat/8.5.15
17-Jan-2018 17:51:20.056 信息 [main] org.apache.catalina.startup.VersionLoggerListener.log Server built:          May 5 2017 11:03:04 UTC
17-Jan-2018 17:51:20.056 信息 [main] org.apache.catalina.startup.VersionLoggerListener.log Server number:         8.5.15.0
17-Jan-2018 17:51:20.056 信息 [main] org.apache.catalina.startup.VersionLoggerListener.log OS Name:               Mac OS X
17-Jan-2018 17:51:20.056 信息 [main] org.apache.catalina.startup.VersionLoggerListener.log OS Version:            10.12.6
17-Jan-2018 17:51:20.056 信息 [main] org.apache.catalina.startup.VersionLoggerListener.log Architecture:          x86_64
17-Jan-2018 17:51:20.056 信息 [main] org.apache.catalina.startup.VersionLoggerListener.log Java Home:             /Library/Java/JavaVirtualMachines/jdk1.8.0_112.jdk/Contents/Home/jre
17-Jan-2018 17:51:20.056 信息 [main] org.apache.catalina.startup.VersionLoggerListener.log JVM Version:           1.8.0_112-b16
17-Jan-2018 17:51:20.056 信息 [main] org.apache.catalina.startup.VersionLoggerListener.log JVM Vendor:            Oracle Corporation
17-Jan-2018 17:51:20.056 信息 [main] org.apache.catalina.startup.VersionLoggerListener.log CATALINA_BASE:         /Users/sungang/Documents/work/webserver/tomcat2/instances/8200
17-Jan-2018 17:51:20.056 信息 [main] org.apache.catalina.startup.VersionLoggerListener.log CATALINA_HOME:         /Users/sungang/Documents/work/webserver/tomcat2/tomcat-8.5.15
17-Jan-2018 17:51:20.057 信息 [main] org.apache.catalina.startup.VersionLoggerListener.log Command line argument: -Djava.util.logging.config.file=/Users/sungang/Documents/work/webserver/tomcat2/instances/8200/conf/logging.properties
17-Jan-2018 17:51:20.057 信息 [main] org.apache.catalina.startup.VersionLoggerListener.log Command line argument: -Djava.util.logging.manager=org.apache.juli.ClassLoaderLogManager
17-Jan-2018 17:51:20.057 信息 [main] org.apache.catalina.startup.VersionLoggerListener.log Command line argument: -Djdk.tls.ephemeralDHKeySize=2048
17-Jan-2018 17:51:20.057 信息 [main] org.apache.catalina.startup.VersionLoggerListener.log Command line argument: -Djava.protocol.handler.pkgs=org.apache.catalina.webresources
17-Jan-2018 17:51:20.057 信息 [main] org.apache.catalina.startup.VersionLoggerListener.log Command line argument: -Dcatalina.base=/Users/sungang/Documents/work/webserver/tomcat2/instances/8200
17-Jan-2018 17:51:20.057 信息 [main] org.apache.catalina.startup.VersionLoggerListener.log Command line argument: -Dcatalina.home=/Users/sungang/Documents/work/webserver/tomcat2/tomcat-8.5.15
17-Jan-2018 17:51:20.057 信息 [main] org.apache.catalina.startup.VersionLoggerListener.log Command line argument: -Djava.io.tmpdir=/Users/sungang/Documents/work/webserver/tomcat2/instances/8200/temp
17-Jan-2018 17:51:20.057 信息 [main] org.apache.catalina.core.AprLifecycleListener.lifecycleEvent The APR based Apache Tomcat Native library which allows optimal performance in production environments was not found on the java.library.path: [/Users/sungang/Library/Java/Extensions:/Library/Java/Extensions:/Network/Library/Java/Extensions:/System/Library/Java/Extensions:/usr/lib/java:.]
17-Jan-2018 17:51:20.147 信息 [main] org.apache.coyote.AbstractProtocol.init Initializing ProtocolHandler ["http-nio-8200"]
17-Jan-2018 17:51:20.169 信息 [main] org.apache.tomcat.util.net.NioSelectorPool.getSharedSelector Using a shared selector for servlet write/read
17-Jan-2018 17:51:20.171 信息 [main] org.apache.coyote.AbstractProtocol.init Initializing ProtocolHandler ["ajp-nio-8203"]
17-Jan-2018 17:51:20.172 信息 [main] org.apache.tomcat.util.net.NioSelectorPool.getSharedSelector Using a shared selector for servlet write/read
17-Jan-2018 17:51:20.172 信息 [main] org.apache.catalina.startup.Catalina.load Initialization processed in 392 ms
17-Jan-2018 17:51:20.192 信息 [main] org.apache.catalina.core.StandardService.startInternal Starting service [Catalina]
17-Jan-2018 17:51:20.192 信息 [main] org.apache.catalina.core.StandardEngine.startInternal Starting Servlet Engine: Apache Tomcat/8.5.15
17-Jan-2018 17:51:20.198 信息 [localhost-startStop-1] org.apache.catalina.startup.HostConfig.deployDirectory Deploying web application directory [/Users/sungang/Documents/work/webserver/tomcat2/instances/8200/webapps/docs]
17-Jan-2018 17:51:20.417 信息 [localhost-startStop-1] org.apache.catalina.startup.HostConfig.deployDirectory Deployment of web application directory [/Users/sungang/Documents/work/webserver/tomcat2/instances/8200/webapps/docs] has finished in [218] ms
17-Jan-2018 17:51:20.417 信息 [localhost-startStop-1] org.apache.catalina.startup.HostConfig.deployDirectory Deploying web application directory [/Users/sungang/Documents/work/webserver/tomcat2/instances/8200/webapps/examples]
17-Jan-2018 17:51:20.628 信息 [localhost-startStop-1] org.apache.catalina.startup.HostConfig.deployDirectory Deployment of web application directory [/Users/sungang/Documents/work/webserver/tomcat2/instances/8200/webapps/examples] has finished in [211] ms
17-Jan-2018 17:51:20.628 信息 [localhost-startStop-1] org.apache.catalina.startup.HostConfig.deployDirectory Deploying web application directory [/Users/sungang/Documents/work/webserver/tomcat2/instances/8200/webapps/host-manager]
17-Jan-2018 17:51:20.651 信息 [localhost-startStop-1] org.apache.catalina.startup.HostConfig.deployDirectory Deployment of web application directory [/Users/sungang/Documents/work/webserver/tomcat2/instances/8200/webapps/host-manager] has finished in [23] ms
17-Jan-2018 17:51:20.651 信息 [localhost-startStop-1] org.apache.catalina.startup.HostConfig.deployDirectory Deploying web application directory [/Users/sungang/Documents/work/webserver/tomcat2/instances/8200/webapps/manager]
17-Jan-2018 17:51:20.669 信息 [localhost-startStop-1] org.apache.catalina.startup.HostConfig.deployDirectory Deployment of web application directory [/Users/sungang/Documents/work/webserver/tomcat2/instances/8200/webapps/manager] has finished in [18] ms
17-Jan-2018 17:51:20.669 信息 [localhost-startStop-1] org.apache.catalina.startup.HostConfig.deployDirectory Deploying web application directory [/Users/sungang/Documents/work/webserver/tomcat2/instances/8200/webapps/ROOT]
17-Jan-2018 17:51:20.679 信息 [localhost-startStop-1] org.apache.catalina.startup.HostConfig.deployDirectory Deployment of web application directory [/Users/sungang/Documents/work/webserver/tomcat2/instances/8200/webapps/ROOT] has finished in [10] ms
17-Jan-2018 17:51:20.681 信息 [main] org.apache.coyote.AbstractProtocol.start Starting ProtocolHandler ["http-nio-8200"]
17-Jan-2018 17:51:20.688 信息 [main] org.apache.coyote.AbstractProtocol.start Starting ProtocolHandler ["ajp-nio-8203"]
17-Jan-2018 17:51:20.690 信息 [main] org.apache.catalina.startup.Catalina.start Server startup in 517 ms
17-Jan-2018 17:51:53.242 信息 [main] org.apache.catalina.core.StandardServer.await A valid shutdown command was received via the shutdown port. Stopping the Server instance.
17-Jan-2018 17:51:53.243 信息 [main] org.apache.coyote.AbstractProtocol.pause Pausing ProtocolHandler ["http-nio-8200"]
17-Jan-2018 17:51:53.387 信息 [main] org.apache.coyote.AbstractProtocol.pause Pausing ProtocolHandler ["ajp-nio-8203"]
17-Jan-2018 17:51:53.530 信息 [main] org.apache.catalina.core.StandardService.stopInternal Stopping service [Catalina]
17-Jan-2018 17:51:53.549 信息 [main] org.apache.coyote.AbstractProtocol.stop Stopping ProtocolHandler ["http-nio-8200"]
17-Jan-2018 17:51:53.696 信息 [main] org.apache.coyote.AbstractProtocol.stop Stopping ProtocolHandler ["ajp-nio-8203"]
17-Jan-2018 17:51:53.839 信息 [main] org.apache.coyote.AbstractProtocol.destroy Destroying ProtocolHandler ["http-nio-8200"]
17-Jan-2018 17:51:53.840 严重 [main] org.apache.coyote.AbstractProtocol.destroy Failed to destroy end point associated with ProtocolHandler ["http-nio-8200"]
 java.io.IOException: Thread signal failed
	at sun.nio.ch.NativeThread.signal(Native Method)
	at sun.nio.ch.ServerSocketChannelImpl.implCloseSelectableChannel(ServerSocketChannelImpl.java:292)
	at java.nio.channels.spi.AbstractSelectableChannel.implCloseChannel(AbstractSelectableChannel.java:234)
	at java.nio.channels.spi.AbstractInterruptibleChannel.close(AbstractInterruptibleChannel.java:115)
	at sun.nio.ch.ServerSocketAdaptor.close(ServerSocketAdaptor.java:137)
	at org.apache.tomcat.util.net.NioEndpoint.unbind(NioEndpoint.java:311)
	at org.apache.tomcat.util.net.AbstractEndpoint.destroy(AbstractEndpoint.java:1038)
	at org.apache.coyote.AbstractProtocol.destroy(AbstractProtocol.java:704)
	at org.apache.catalina.connector.Connector.destroyInternal(Connector.java:1059)
	at org.apache.catalina.util.LifecycleBase.destroy(LifecycleBase.java:297)
	at org.apache.catalina.core.StandardService.destroyInternal(StandardService.java:571)
	at org.apache.catalina.util.LifecycleBase.destroy(LifecycleBase.java:297)
	at org.apache.catalina.core.StandardServer.destroyInternal(StandardServer.java:883)
	at org.apache.catalina.util.LifecycleBase.destroy(LifecycleBase.java:297)
	at org.apache.catalina.startup.Catalina.stop(Catalina.java:730)
	at org.apache.catalina.startup.Catalina.start(Catalina.java:691)
	at sun.reflect.NativeMethodAccessorImpl.invoke0(Native Method)
	at sun.reflect.NativeMethodAccessorImpl.invoke(NativeMethodAccessorImpl.java:62)
	at sun.reflect.DelegatingMethodAccessorImpl.invoke(DelegatingMethodAccessorImpl.java:43)
	at java.lang.reflect.Method.invoke(Method.java:498)
	at org.apache.catalina.startup.Bootstrap.start(Bootstrap.java:355)
	at org.apache.catalina.startup.Bootstrap.main(Bootstrap.java:495)

17-Jan-2018 17:51:53.841 信息 [main] org.apache.coyote.AbstractProtocol.destroy Destroying ProtocolHandler ["ajp-nio-8203"]
